make all --print-data-base --no-builtin-variables --no-builtin-rules --question
# GNU Make 3.81
# Copyright (C) 2006  Free Software Foundation, Inc.
# This is free software; see the source for copying conditions.
# There is NO warranty; not even for MERCHANTABILITY or FITNESS FOR A
# PARTICULAR PURPOSE.

# This program built for i386-apple-darwin11.3.0
 
make: *** No rule to make target `all'.  Stop.


# Make data base, printed on Fri Aug 19 04:16:11 2022

# Variables

# automatic
 
<D = $(patsubst %/,%,$(dir $<))
# makefile (from `Makefile', line 5)
PREFIX = /usr/local
# automatic
?F = $(notdir $?)
# environment
ELECTRON_NO_ATTACH_CONSOLE = 1
# makefile (from `Makefile', line 7)
SHARE_PATH = $(PREFIX)/share/$(EXECUTABLE_NAME)
# automatic
?D = $(patsubst %/,%,$(dir $?))
# automatic
@D = $(patsubst %/,%,$(dir $@))
# automatic
@F = $(notdir $@)
# makefile
CURDIR := /Users/bsudekum/src/XcodeGen
# makefile
SHELL = /bin/sh
# environment
VSCODE_NLS_CONFIG = {"locale":"en-us","availableLanguages":{},"_languagePackSupport":true}
# makefile (from `Makefile', line 13)
EXECUTABLE_PATH = $(shell swift build $(SWIFT_BUILD_FLAGS) --show-bin-path)/$(EXECUTABLE_NAME)
# environment
_ = /usr/bin/make
# makefile (from `Makefile', line 1)
MAKEFILE_LIST :=  Makefile
# makefile (from `Makefile', line 10)
RELEASE_TAR = $(REPO)/archive/$(VERSION).tar.gz
# makefile (from `Makefile', line 3)
VERSION = 2.32.0
# environment
__CFBundleIdentifier = com.microsoft.VSCode
# environment
INFOPATH = /opt/homebrew/share/info:
# environment
VSCODE_CWD = /Users/bsudekum/src/XcodeGen
# environment
GOPROXY = https://athens.ingress.infra.us-east-1.k8s.lyft.net
# environment
PATH = /opt/homebrew/bin:/opt/homebrew/sbin:/usr/local/bin:/usr/bin:/bin:/usr/sbin:/sbin:/Library/Apple/usr/bin:/Users/bsudekum/src/idl/idldev-tool/bin
# environment
LSCOLORS = Gxfxcxdxbxegedabagacad
# environment
LaunchInstanceID = 6AD81202-D757-40D8-A67B-B8774EAF02A9
# environment
ELECTRON_RUN_AS_NODE = 1
# default
.FEATURES := target-specific order-only second-expansion else-if archives jobserver check-symlink
# environment
SSH_AUTH_SOCK = /private/tmp/com.apple.launchd.eVr29yVgo6/Listeners
# makefile (from `Makefile', line 2)
EXECUTABLE_NAME = xcodegen
# automatic
%F = $(notdir $%)
# makefile (from `Makefile', line 6)
INSTALL_PATH = $(PREFIX)/bin/$(EXECUTABLE_NAME)
# environment
PWD = /Users/bsudekum/src/XcodeGen
# environment
HOMEBREW_CELLAR = /opt/homebrew/Cellar
# environment
ORIGINAL_XDG_CURRENT_DESKTOP = undefined
# environment
MANPATH = /opt/homebrew/share/man::
# environment
VSCODE_AMD_ENTRYPOINT = vs/workbench/api/node/extensionHostProcess
# environment
HOME = /Users/bsudekum
# default
MAKEFILEPATH := /Applications/Xcode.app/Contents/Developer/Makefiles
# environment
VSCODE_CLI = 1
# environment
VSCODE_CODE_CACHE_PATH = /Users/bsudekum/Library/Application Support/Code/CachedData/6d9b74a70ca9c7733b29f0456fd8195364076dda
# makefile (from `Makefile', line 12)
SWIFT_BUILD_FLAGS = --disable-sandbox -c release --arch arm64 --arch x86_64
# environment
LOGNAME = bsudekum
# environment
APPLICATION_INSIGHTS_NO_DIAGNOSTIC_CHANNEL = 1
# environment
NVM_CD_FLAGS = -q
# environment
ZSH = /Users/bsudekum/.oh-my-zsh
# environment
VSCODE_HANDLES_UNCAUGHT_ERRORS = true
# automatic
^D = $(patsubst %/,%,$(dir $^))
# environment
XPC_FLAGS = 0x0
# environment
COLORTERM = truecolor
# default
MAKE = $(MAKE_COMMAND)
# environment
LC_TERMINAL = iTerm2
# environment
SHLVL = 3
# default
MAKE_VERSION := 3.81
# environment
USER = bsudekum
# makefile
.DEFAULT_GOAL := install
# default
MAKECMDGOALS := all
# environment
TERM_SESSION_ID = w0t3p0:6EBE688B-08E0-4700-9B21-AC12754AB639
# makefile (from `Makefile', line 1)
TOOL_NAME = XcodeGen
# environment
LESS = -R
# automatic
%D = $(patsubst %/,%,$(dir $%))
# default
MAKE_COMMAND := /Applications/Xcode.app/Contents/Developer/usr/bin/make
# environment
TERM_PROGRAM = iTerm.app
# default
.VARIABLES := 
# environment
TMPDIR = /var/folders/6p/7f5gv7ss1r1783wc1k8578040000gn/T/
# automatic
*F = $(notdir $*)
# environment
VSCODE_IPC_HOOK = /Users/bsudekum/Library/Application Support/Code/1.70.1-main.sock
# environment
MallocNanoZone = 0
# makefile (from `Makefile', line 9)
REPO = https://github.com/yonaskolb/$(TOOL_NAME)
# makefile
MAKEFLAGS = Rrqp
# environment
MFLAGS = -Rrqp
# automatic
*D = $(patsubst %/,%,$(dir $*))
# environment
TERM_PROGRAM_VERSION = 3.4.16
# environment
NVM_DIR = /Users/bsudekum/.nvm
# environment
XPC_SERVICE_NAME = application.com.microsoft.VSCode.288501773.288501779.29CEE729-9F23-4BF0-9741-FEA834BEC3B4
# environment
LC_TERMINAL_VERSION = 3.4.16
# environment
HOMEBREW_PREFIX = /opt/homebrew
# automatic
+D = $(patsubst %/,%,$(dir $+))
# environment
GONOSUMDB = github.com/lyft/*,github.lyft.net/*
# automatic
+F = $(notdir $+)
# environment
ITERM_SESSION_ID = w0t3p0:6EBE688B-08E0-4700-9B21-AC12754AB639
# environment
HOMEBREW_REPOSITORY = /opt/homebrew
# environment
COLORFGBG = 7;0
# environment
__CF_USER_TEXT_ENCODING = 0x1F5:0x0:0x0
# environment
COMMAND_MODE = unix2003
# default
MAKEFILES := 
# automatic
<F = $(notdir $<)
# environment
ITERM_PROFILE = Default
# environment
PAGER = less
# environment
 
LC_ALL = C
# makefile (from `Makefile', line 8)
CURRENT_PATH = $(PWD)
# environment
SECURITYSESSIONID = 186ac
# automatic
^F = $(notdir $^)
# default
SUFFIXES := 
# environment
MAKELEVEL := 0
# makefile (from `Makefile', line 11)
SHA = $(shell curl -L -s $(RELEASE_TAR) | shasum -a 256 | sed 's/ .*//')
# environment
LANG = C
# environment
TERM = xterm-256color
# environment
VSCODE_PID = 63485
# environment
NVM_RC_VERSION = 
# variable set hash-table stats:
# Load=97/1024=9%, Rehash=0, Collisions=5/120=4%

# Pattern-specific Variable Values

# No pattern-specific variable values.

# Directories

# . (device 16777231, inode 293097324): 25 files, no impossibilities.

# 25 files, no impossibilities in 1 directories.

# Implicit Rules

# No implicit rules.

# Files

# Not a target:
all:
#  Command-line target.
#  Implicit rule search has been done.
#  File does not exist.
#  File has not been updated.
# variable set hash-table stats:
# Load=0/32=0%, Rehash=0, Collisions=0/0=0%

.PHONY: install build uninstall format_code brew release
#  Implicit rule search has not been done.
#  Modification time never checked.
#  File has not been updated.

# Not a target:
.SUFFIXES:
#  Implicit rule search has not been done.
#  Modification time never checked.
#  File has not been updated.

uninstall:
#  Phony target (prerequisite of .PHONY).
#  Implicit rule search has not been done.
#  File does not exist.
#  File has not been updated.
#  commands to execute (from `Makefile', line 27):
	rm -f $(INSTALL_PATH)
	rm -rf $(SHARE_PATH)
	

# Not a target:
Makefile:
#  Implicit rule search has been done.
#  Last modified 2022-08-19 04:11:44
#  File has been updated.
#  Successfully updated.
# variable set hash-table stats:
# Load=0/32=0%, Rehash=0, Collisions=0/0=0%

build:
#  Phony target (prerequisite of .PHONY).
#  Implicit rule search has not been done.
#  File does not exist.
#  File has not been updated.
#  commands to execute (from `Makefile', line 24):
	swift build $(SWIFT_BUILD_FLAGS)
	

archive: build
#  Implicit rule search has not been done.
#  Modification time never checked.
#  File has not been updated.
#  commands to execute (from `Makefile', line 49):
	./scripts/archive.sh "$(EXECUTABLE_PATH)"
	

release:
#  Phony target (prerequisite of .PHONY).
#  Implicit rule search has not been done.
#  File does not exist.
#  File has not been updated.
#  commands to execute (from `Makefile', line 34):
	sed -i '' 's|\(let version = Version("\)\(.*\)\(")\)|\1$(VERSION)\3|' Sources/XcodeGen/main.swift
	sed -i '' 's|\(.package(url: "https://github.com/yonaskolb/XcodeGen.git", from: "\)\(.*\)\(")\)|\1$(VERSION)\3|' README.md
	git add .
	git commit -m "Update to $(VERSION)"
	#git tag $(VERSION)
	

# Not a target:
.DEFAULT:
#  Implicit rule search has not been done.
#  Modification time never checked.
#  File has not been updated.

publish: archive brew
#  Implicit rule search has not been done.
#  Modification time never checked.
#  File has not been updated.
#  commands to execute (from `Makefile', line 42):
	echo "published $(VERSION)"
	

brew:
#  Phony target (prerequisite of .PHONY).
#  Implicit rule search has not been done.
#  File does not exist.
#  File has not been updated.
#  commands to execute (from `Makefile', line 45):
	brew update
	brew bump-formula-pr --url=$(RELEASE_TAR) XcodeGen
	

format_code:
#  Phony target (prerequisite of .PHONY).
#  Implicit rule search has not been done.
#  File does not exist.
#  File has not been updated.
#  commands to execute (from `Makefile', line 31):
	swiftformat .
	

install: build
#  Phony target (prerequisite of .PHONY).
#  Implicit rule search has not been done.
#  File does not exist.
#  File has not been updated.
#  commands to execute (from `Makefile', line 18):
	mkdir -p $(PREFIX)/bin
	cp -f $(EXECUTABLE_PATH) $(INSTALL_PATH)
	mkdir -p $(SHARE_PATH)
	cp -R $(CURRENT_PATH)/SettingPresets $(SHARE_PATH)/SettingPresets
	

# files hash-table stats:
# Load=13/1024=1%, Rehash=0, Collisions=2/35=6%
# VPATH Search Paths

# No `vpath' search paths.

# No general (`VPATH' variable) search path.

# # of strings in strcache: 1
# # of strcache buffers: 1
# strcache size: total = 4096 / max = 4096 / min = 4096 / avg = 4096
# strcache free: total = 4087 / max = 4087 / min = 4087 / avg = 4087

# Finished Make data base on Fri Aug 19 04:16:11 2022

 
